<?xml version="1.0" encoding="UTF-8" standalone="no"?>
<testsuite failures="1" name="cucumber.runtime.formatter.JUnitFormatter" skipped="0" tests="1" time="41.691803">
<testcase classname="Title of the project SkyTransAirlineProject" name="open a skyairline webpage" time="41.691803">
<failure message="java.lang.AssertionError&#13;&#10;&#9;at org.junit.Assert.fail(Assert.java:86)&#13;&#10;&#9;at org.junit.Assert.assertTrue(Assert.java:41)&#13;&#10;&#9;at org.junit.Assert.assertTrue(Assert.java:52)&#13;&#10;&#9;at org.stepdefinition.multitripsteps.usershould_in_select_a_date(multitripsteps.java:222)&#13;&#10;&#9;at ✽.usershould in select a date(src/test/resources/Features/Multitrip.feature:11)&#13;&#10;"><![CDATA[Given click mutitrip page...................................................passed
And usershould in select a arrival place....................................passed
When usershould in select depature place....................................passed
And usershould in select a date.............................................failed
Then I validate the outcomes................................................skipped
And check more outcomes.....................................................skipped

StackTrace:
java.lang.AssertionError
	at org.junit.Assert.fail(Assert.java:86)
	at org.junit.Assert.assertTrue(Assert.java:41)
	at org.junit.Assert.assertTrue(Assert.java:52)
	at org.stepdefinition.multitripsteps.usershould_in_select_a_date(multitripsteps.java:222)
	at ✽.usershould in select a date(src/test/resources/Features/Multitrip.feature:11)
]]></failure>
</testcase>
</testsuite>
